[2025-05-20 16:41:35,440] INFO django.server "DELETE /api/products/178/ HTTP/1.1" 204 0
[2025-05-20 16:41:35,450] INFO django.server "GET /api/products/?page=1&page_size=10&search=&category= HTTP/1.1" 200 52
[2025-05-20 16:41:36,956] INFO django.server "GET /api/userinfo/ HTTP/1.1" 200 124
[2025-05-20 16:41:36,974] INFO django.server "GET /api/menus/ HTTP/1.1" 200 4207
[2025-05-20 16:41:37,083] INFO django.server "GET /api/menus/ HTTP/1.1" 200 4207
[2025-05-20 16:41:37,105] INFO django.server "GET /api/units/ HTTP/1.1" 200 376
[2025-05-20 16:41:37,109] INFO django.server "GET /api/companies/?page_size=1000 HTTP/1.1" 200 355
[2025-05-20 16:41:37,110] INFO django.server "GET /api/units/?page_size=999 HTTP/1.1" 200 376
[2025-05-20 16:41:37,112] INFO django.server "GET /api/products/?page=1&page_size=10&search=&category= HTTP/1.1" 200 52
[2025-05-20 16:41:37,113] INFO django.server "GET /api/product-categories/?page=1&page_size=10 HTTP/1.1" 200 494
[2025-05-20 16:41:42,956] INFO django.server "GET /api/userinfo/ HTTP/1.1" 200 124
[2025-05-20 16:41:42,982] INFO django.server "GET /api/menus/ HTTP/1.1" 200 4207
[2025-05-20 16:41:43,359] INFO django.server "GET /api/products/?page_size=999 HTTP/1.1" 200 52
[2025-05-20 16:41:43,380] INFO django.server "GET /api/product-categories/?page_size=999 HTTP/1.1" 200 494
[2025-05-20 16:41:43,393] INFO django.server "GET /api/process-codes/?page=1&page_size=20&search= HTTP/1.1" 200 520
[2025-05-20 16:41:44,787] INFO django.server "GET /api/userinfo/ HTTP/1.1" 200 124
[2025-05-20 16:41:44,812] INFO django.server "GET /api/menus/ HTTP/1.1" 200 4207
[2025-05-20 16:41:45,180] INFO django.server "GET /api/process-codes/17/ HTTP/1.1" 200 258
[2025-05-20 16:41:45,203] INFO django.server "GET /api/process-codes/17/ HTTP/1.1" 200 258
[2025-05-20 16:41:45,221] INFO django.server "GET /api/process-details/?process_code__code=BB01-D-58.30-D2-62.45-A&process_code__version=A&page_size=999 HTTP/1.1" 200 52
[2025-05-20 16:41:45,237] INFO django.server "GET /api/processes/?page_size=999 HTTP/1.1" 200 1318
[2025-05-20 16:41:48,152] INFO django.server "GET /api/userinfo/ HTTP/1.1" 200 124
[2025-05-20 16:41:48,180] INFO django.server "GET /api/menus/ HTTP/1.1" 200 4207
[2025-05-20 16:41:48,551] INFO django.server "GET /api/products/?page_size=999 HTTP/1.1" 200 52
[2025-05-20 16:41:48,565] INFO django.server "GET /api/process-codes/?page=1&page_size=20&search= HTTP/1.1" 200 520
[2025-05-20 16:41:48,567] INFO django.server "GET /api/product-categories/?page_size=999 HTTP/1.1" 200 494
[2025-05-20 16:41:50,640] INFO django.server "DELETE /api/process-codes/17/ HTTP/1.1" 204 0
[2025-05-20 16:41:50,658] INFO django.server "GET /api/process-codes/?page=1&page_size=20&search= HTTP/1.1" 200 261
[2025-05-20 16:41:54,376] INFO django.server "GET /api/userinfo/ HTTP/1.1" 200 124
[2025-05-20 16:41:54,401] INFO django.server "GET /api/menus/ HTTP/1.1" 200 4207
[2025-05-20 16:41:54,770] INFO django.server "GET /api/products/?is_material=false&page_size=1000 HTTP/1.1" 200 52
[2025-05-20 16:41:54,770] INFO django.server "GET /api/boms/?page=1&page_size=20 HTTP/1.1" 200 52
[2025-05-20 16:41:55,884] INFO django.server "GET /api/userinfo/ HTTP/1.1" 200 124
[2025-05-20 16:41:55,909] INFO django.server "GET /api/menus/ HTTP/1.1" 200 4207
[2025-05-20 16:41:56,357] INFO django.server "GET /api/boms/?page_size=1000 HTTP/1.1" 200 52
[2025-05-20 16:41:56,359] INFO django.server "GET /api/bom-items/?page=1&page_size=10 HTTP/1.1" 200 52
[2025-05-20 16:41:56,362] INFO django.server "GET /api/materials/?page_size=1000 HTTP/1.1" 200 566
[2025-05-20 16:41:57,132] INFO django.server "GET /api/userinfo/ HTTP/1.1" 200 124
[2025-05-20 16:41:57,163] INFO django.server "GET /api/menus/ HTTP/1.1" 200 4207
[2025-05-20 16:41:57,552] INFO django.server "GET /api/units/?page_size=999 HTTP/1.1" 200 376
[2025-05-20 16:41:57,554] INFO django.server "GET /api/product-categories/?page_size=999 HTTP/1.1" 200 494
[2025-05-20 16:41:57,556] INFO django.server "GET /api/materials/?page=1&page_size=10 HTTP/1.1" 200 566
[2025-05-20 16:41:59,763] INFO django.server "DELETE /api/materials/179/ HTTP/1.1" 204 0
[2025-05-20 16:41:59,778] INFO django.server "GET /api/materials/?page=1&page_size=10 HTTP/1.1" 200 52
[2025-05-20 16:42:01,208] INFO django.server "GET /api/userinfo/ HTTP/1.1" 200 124
[2025-05-20 16:42:01,233] INFO django.server "GET /api/menus/ HTTP/1.1" 200 4207
[2025-05-20 16:42:01,599] INFO django.server "GET /api/products/?page=1&page_size=10&search=&category= HTTP/1.1" 200 52
[2025-05-20 16:42:01,615] INFO django.server "GET /api/units/?page_size=999 HTTP/1.1" 200 376
[2025-05-20 16:42:01,615] INFO django.server "GET /api/companies/?page_size=1000 HTTP/1.1" 200 355
[2025-05-20 16:42:01,617] INFO django.server "GET /api/units/ HTTP/1.1" 200 376
[2025-05-20 16:42:01,622] INFO django.server "GET /api/product-categories/?page=1&page_size=10 HTTP/1.1" 200 494
[2025-05-20 16:42:04,440] INFO django.server "GET /api/product-categories/2/params/?page_size=100 HTTP/1.1" 200 120
[2025-05-20 16:42:13,126] INFO django.server "POST /api/products/ HTTP/1.1" 201 337
[2025-05-20 16:42:13,143] INFO django.server "GET /api/products/?page=1&page_size=10&search=&category= HTTP/1.1" 200 389
[2025-05-20 16:42:13,162] INFO django.server "POST /api/product-param-values/bulk-delete/ HTTP/1.1" 200 13
[2025-05-20 16:42:13,185] INFO django.server "POST /api/product-param-values/ HTTP/1.1" 201 67
[2025-05-20 16:42:13,200] INFO django.server "POST /api/product-param-values/ HTTP/1.1" 201 70
[2025-05-20 16:42:13,212] INFO django.server "GET /api/products/180/ HTTP/1.1" 200 475
[2025-05-20 16:42:13,232] INFO django.server "GET /api/category-material-rules/?source_category=2 HTTP/1.1" 200 601
[2025-05-20 16:42:13,474] INFO django.server "GET /api/product-param-values/?product=180 HTTP/1.1" 200 190
[2025-05-20 16:42:13,595] INFO django.server "POST /api/generate-material/ HTTP/1.1" 200 1153
[2025-05-20 16:42:13,618] INFO django.server "GET /api/bom-items/?bom=36&material=181 HTTP/1.1" 200 290
[2025-05-20 16:42:13,629] INFO django.server "GET /api/products/180/ HTTP/1.1" 200 475
[2025-05-20 16:42:13,645] INFO django.server "GET /api/product-process-codes/?product=180 HTTP/1.1" 200 52
[2025-05-20 16:42:13,660] INFO django.server "GET /api/process-codes/?code=BB01-D-58.30-D2-62.45-A&version=A HTTP/1.1" 200 261
[2025-05-20 16:42:13,685] INFO django.server "POST /api/process-codes/ HTTP/1.1" 201 258
[2025-05-20 16:42:13,704] INFO django.server "POST /api/product-process-codes/ HTTP/1.1" 201 233
[2025-05-20 16:42:13,763] INFO django.server "POST /api/product-process-codes/39/auto-generate-details/ HTTP/1.1" 200 28
[2025-05-20 16:42:13,793] INFO django.server "POST /api/product-param-values/bulk-delete/ HTTP/1.1" 200 13
[2025-05-20 16:42:13,815] INFO django.server "POST /api/product-param-values/ HTTP/1.1" 201 67
[2025-05-20 16:42:13,839] INFO django.server "POST /api/product-param-values/ HTTP/1.1" 201 70
[2025-05-20 16:42:13,876] INFO django.server "GET /api/products/?page=1&page_size=10&search=&category= HTTP/1.1" 200 527
[2025-05-20 16:42:18,087] INFO django.server "GET /api/userinfo/ HTTP/1.1" 200 124
[2025-05-20 16:42:18,114] INFO django.server "GET /api/menus/ HTTP/1.1" 200 4207
[2025-05-20 16:42:18,588] INFO django.server "GET /api/products/180/ HTTP/1.1" 200 475
[2025-05-20 16:42:18,677] INFO django.server "GET /api/product-param-values/?product=180 HTTP/1.1" 200 190
[2025-05-20 16:42:18,694] INFO django.server "GET /api/boms/?product=180 HTTP/1.1" 200 592
[2025-05-20 16:42:18,697] INFO django.server "GET /api/product-process-codes/?product=180 HTTP/1.1" 200 285
[2025-05-20 16:42:22,134] INFO django.server "GET /api/bom-items/?bom=36 HTTP/1.1" 200 290
[2025-05-20 16:42:26,430] INFO django.server "GET /api/process-details/?process_code__code=BB01-D-58.30-D2-62.45-A&process_code__version=A&page_size=100 HTTP/1.1" 200 1577
[2025-05-20 16:42:50,546] INFO django.server "GET /api/userinfo/ HTTP/1.1" 200 124
[2025-05-20 16:42:50,569] INFO django.server "GET /api/menus/ HTTP/1.1" 200 4207
[2025-05-20 16:42:50,935] INFO django.server "GET /api/products/?is_material=false&page_size=1000 HTTP/1.1" 200 527
[2025-05-20 16:42:50,937] INFO django.server "GET /api/boms/?page=1&page_size=20 HTTP/1.1" 200 592
[2025-05-20 16:42:54,893] INFO django.server "GET /api/userinfo/ HTTP/1.1" 200 124
[2025-05-20 16:42:54,921] INFO django.server "GET /api/menus/ HTTP/1.1" 200 4207
[2025-05-20 16:42:55,307] INFO django.server "GET /api/boms/?page_size=1000 HTTP/1.1" 200 592
[2025-05-20 16:42:55,314] INFO django.server "GET /api/bom-items/?page=1&page_size=10 HTTP/1.1" 200 290
[2025-05-20 16:42:55,319] INFO django.server "GET /api/materials/?page_size=1000 HTTP/1.1" 200 566
[2025-05-20 16:43:01,422] INFO django.server "GET /api/userinfo/ HTTP/1.1" 200 124
[2025-05-20 16:43:01,448] INFO django.server "GET /api/menus/ HTTP/1.1" 200 4207
[2025-05-20 16:43:01,850] INFO django.server "GET /api/units/?page_size=999 HTTP/1.1" 200 376
[2025-05-20 16:43:01,851] INFO django.server "GET /api/product-categories/?page_size=999 HTTP/1.1" 200 494
[2025-05-20 16:43:01,861] INFO django.server "GET /api/materials/?page=1&page_size=10 HTTP/1.1" 200 566
[2025-05-20 16:43:09,034] INFO django.server "GET /api/userinfo/ HTTP/1.1" 200 124
[2025-05-20 16:43:09,067] INFO django.server "GET /api/menus/ HTTP/1.1" 200 4207
[2025-05-20 16:43:09,464] INFO django.server "GET /api/product-categories/?page_size=999 HTTP/1.1" 200 494
[2025-05-20 16:43:09,467] INFO django.server "GET /api/products/?page_size=999 HTTP/1.1" 200 527
[2025-05-20 16:43:09,478] INFO django.server "GET /api/process-codes/?page=1&page_size=20&search= HTTP/1.1" 200 519
[2025-05-20 16:43:28,623] INFO django.server "GET /api/userinfo/ HTTP/1.1" 200 124
[2025-05-20 16:43:28,648] INFO django.server "GET /api/menus/ HTTP/1.1" 200 4207
[2025-05-20 16:43:29,070] INFO django.server "GET /api/category-process-codes/? HTTP/1.1" 200 233
[2025-05-20 16:43:29,071] INFO django.server "GET /api/product-categories/ HTTP/1.1" 200 494
[2025-05-20 16:43:29,083] INFO django.server "GET /api/process-codes/ HTTP/1.1" 200 519
[2025-05-20 16:54:58,300] INFO django.utils.autoreload I:\xmes-20250516\backend\basedata\views.py changed, reloading.
[2025-05-20 16:54:58,739] INFO django.utils.autoreload Watching for file changes with StatReloader
[2025-05-20 16:56:20,812] INFO django.server "GET /api/userinfo/ HTTP/1.1" 200 124
[2025-05-20 16:56:20,826] INFO django.server "GET /api/menus/ HTTP/1.1" 200 4207
[2025-05-20 16:56:21,216] INFO django.server "GET /api/userinfo/ HTTP/1.1" 200 124
[2025-05-20 16:56:21,224] INFO django.server "GET /api/groups/ HTTP/1.1" 200 46
[2025-05-20 16:56:21,239] INFO django.server "GET /api/menus/ HTTP/1.1" 200 4207
[2025-05-20 16:56:43,879] INFO django.server "POST /api/menu/save/ HTTP/1.1" 200 35
[2025-05-20 16:56:43,918] INFO django.server "GET /api/menus/ HTTP/1.1" 200 4375
[2025-05-20 16:56:47,421] INFO django.server "GET /api/userinfo/ HTTP/1.1" 200 124
[2025-05-20 16:56:47,527] INFO django.server "GET /api/menus/ HTTP/1.1" 200 4375
[2025-05-20 16:56:47,633] INFO django.server "GET /api/userinfo/ HTTP/1.1" 200 124
[2025-05-20 16:56:47,651] INFO django.server "GET /api/menus/ HTTP/1.1" 200 4375
[2025-05-20 16:56:47,654] INFO django.server "GET /api/groups/ HTTP/1.1" 200 46
[2025-05-20 16:56:47,695] INFO django.server "GET /api/menus/ HTTP/1.1" 200 4375
[2025-05-20 16:56:52,329] INFO django.server "GET /api/userinfo/ HTTP/1.1" 200 124
[2025-05-20 16:56:52,356] INFO django.server "GET /api/menus/ HTTP/1.1" 200 4375
[2025-05-20 16:56:52,822] INFO django.server "GET /api/product-process-codes/?page=1&page_size=10 HTTP/1.1" 200 285
[2025-05-20 16:56:52,828] INFO django.server "GET /api/products/ HTTP/1.1" 200 527
[2025-05-20 16:56:52,837] INFO django.server "GET /api/process-codes/ HTTP/1.1" 200 519
[2025-05-20 16:57:10,751] INFO django.server "GET /api/userinfo/ HTTP/1.1" 200 124
[2025-05-20 16:57:10,779] INFO django.server "GET /api/menus/ HTTP/1.1" 200 4375
[2025-05-20 16:57:11,185] INFO django.server "GET /api/product-categories/?page_size=999 HTTP/1.1" 200 494
[2025-05-20 16:57:11,185] INFO django.server "GET /api/process-codes/?page=1&page_size=20&search= HTTP/1.1" 200 519
[2025-05-20 16:57:11,192] INFO django.server "GET /api/products/?page_size=999 HTTP/1.1" 200 527
[2025-05-20 16:57:18,378] INFO django.server "GET /api/userinfo/ HTTP/1.1" 200 124
[2025-05-20 16:57:18,400] INFO django.server "GET /api/menus/ HTTP/1.1" 200 4375
[2025-05-20 16:57:18,759] INFO django.server "GET /api/process-codes/18/ HTTP/1.1" 200 257
[2025-05-20 16:57:18,779] INFO django.server "GET /api/process-codes/18/ HTTP/1.1" 200 257
[2025-05-20 16:57:18,803] INFO django.server "GET /api/process-details/?process_code__code=BB01-D-58.30-D2-62.45-A&process_code__version=A&page_size=999 HTTP/1.1" 200 1577
[2025-05-20 16:57:18,823] INFO django.server "GET /api/processes/?page_size=999 HTTP/1.1" 200 1318
[2025-05-20 16:57:36,455] INFO django.server "GET /api/userinfo/ HTTP/1.1" 200 124
[2025-05-20 16:57:36,582] INFO django.server "GET /api/menus/ HTTP/1.1" 200 4375
[2025-05-20 16:57:36,686] INFO django.server "GET /api/menus/ HTTP/1.1" 200 4375
[2025-05-20 16:57:36,686] INFO django.server "GET /api/process-codes/18/ HTTP/1.1" 200 257
[2025-05-20 16:57:36,709] INFO django.server "GET /api/process-codes/18/ HTTP/1.1" 200 257
[2025-05-20 16:57:36,728] INFO django.server "GET /api/process-details/?process_code__code=BB01-D-58.30-D2-62.45-A&process_code__version=A&page_size=999 HTTP/1.1" 200 1577
[2025-05-20 16:57:36,759] INFO django.server "GET /api/processes/?page_size=999 HTTP/1.1" 200 1318
[2025-05-20 16:57:38,641] INFO django.server "GET /api/userinfo/ HTTP/1.1" 200 124
[2025-05-20 16:57:38,670] INFO django.server "GET /api/menus/ HTTP/1.1" 200 4375
[2025-05-20 16:57:39,060] INFO django.server "GET /api/product-categories/?page_size=999 HTTP/1.1" 200 494
[2025-05-20 16:57:39,070] INFO django.server "GET /api/process-codes/?page=1&page_size=20&search= HTTP/1.1" 200 519
[2025-05-20 16:57:39,071] INFO django.server "GET /api/products/?page_size=999 HTTP/1.1" 200 527
[2025-05-20 16:57:40,246] INFO django.server "GET /api/userinfo/ HTTP/1.1" 200 124
[2025-05-20 16:57:40,270] INFO django.server "GET /api/menus/ HTTP/1.1" 200 4375
[2025-05-20 16:57:40,624] INFO django.server "GET /api/process-codes/18/ HTTP/1.1" 200 257
[2025-05-20 16:57:40,644] INFO django.server "GET /api/process-codes/18/ HTTP/1.1" 200 257
[2025-05-20 16:57:40,661] INFO django.server "GET /api/process-details/?process_code__code=BB01-D-58.30-D2-62.45-A&process_code__version=A&page_size=999 HTTP/1.1" 200 1577
[2025-05-20 16:57:40,683] INFO django.server "GET /api/processes/?page_size=999 HTTP/1.1" 200 1318
[2025-05-20 16:57:53,248] INFO django.server "GET /api/userinfo/ HTTP/1.1" 200 124
[2025-05-20 16:57:53,275] INFO django.server "GET /api/menus/ HTTP/1.1" 200 4375
[2025-05-20 16:57:53,625] INFO django.server "GET /api/userinfo/ HTTP/1.1" 200 124
[2025-05-20 16:57:53,633] INFO django.server "GET /api/groups/ HTTP/1.1" 200 46
[2025-05-20 16:57:53,661] INFO django.server "GET /api/menus/ HTTP/1.1" 200 4375
[2025-05-20 16:57:58,264] INFO django.server "GET /api/userinfo/ HTTP/1.1" 200 124
[2025-05-20 16:57:58,290] INFO django.server "GET /api/menus/ HTTP/1.1" 200 4375
[2025-05-20 16:57:58,793] INFO django.server "GET /api/companies/?page_size=1000 HTTP/1.1" 200 355
[2025-05-20 16:57:58,799] INFO django.server "GET /api/units/?page_size=999 HTTP/1.1" 200 376
[2025-05-20 16:57:58,801] INFO django.server "GET /api/units/ HTTP/1.1" 200 376
[2025-05-20 16:57:58,803] INFO django.server "GET /api/product-categories/?page=1&page_size=10 HTTP/1.1" 200 494
[2025-05-20 16:57:58,807] INFO django.server "GET /api/products/?page=1&page_size=10&search=&category= HTTP/1.1" 200 527
[2025-05-20 17:00:17,019] INFO django.server "GET /api/companies/?page_size=1000 HTTP/1.1" 200 355
[2025-05-20 17:00:17,019] INFO django.server "GET /api/units/?page_size=999 HTTP/1.1" 200 376
[2025-05-20 17:00:17,021] INFO django.server "GET /api/units/ HTTP/1.1" 200 376
[2025-05-20 17:00:17,025] INFO django.server "GET /api/products/?page=1&page_size=10&search=&category= HTTP/1.1" 200 527
[2025-05-20 17:00:17,027] INFO django.server "GET /api/product-categories/?page=1&page_size=10 HTTP/1.1" 200 494
[2025-05-20 17:00:26,127] INFO django.server "GET /api/userinfo/ HTTP/1.1" 200 124
[2025-05-20 17:00:26,154] INFO django.server "GET /api/menus/ HTTP/1.1" 200 4375
[2025-05-20 17:00:26,293] INFO django.server "GET /api/menus/ HTTP/1.1" 200 4375
[2025-05-20 17:00:26,322] INFO django.server "GET /api/products/?page=1&page_size=10&search=&category= HTTP/1.1" 200 527
[2025-05-20 17:00:26,325] INFO django.server "GET /api/product-categories/?page=1&page_size=10 HTTP/1.1" 200 494
[2025-05-20 17:00:26,325] INFO django.server "GET /api/units/?page_size=999 HTTP/1.1" 200 376
[2025-05-20 17:00:26,328] INFO django.server "GET /api/units/ HTTP/1.1" 200 376
[2025-05-20 17:00:26,340] INFO django.server "GET /api/companies/?page_size=1000 HTTP/1.1" 200 355
[2025-05-20 17:00:29,710] INFO django.server "GET /api/product-categories/2/params/?page_size=100 HTTP/1.1" 200 120
[2025-05-20 17:00:39,374] INFO django.server "GET /api/userinfo/ HTTP/1.1" 200 124
[2025-05-20 17:00:39,400] INFO django.server "GET /api/menus/ HTTP/1.1" 200 4375
[2025-05-20 17:00:39,913] INFO django.server "GET /api/units/?page_size=999 HTTP/1.1" 200 376
[2025-05-20 17:00:39,913] INFO django.server "GET /api/companies/?page_size=1000 HTTP/1.1" 200 355
[2025-05-20 17:00:39,920] INFO django.server "GET /api/product-categories/?page=1&page_size=10 HTTP/1.1" 200 494
[2025-05-20 17:01:03,501] INFO django.server "GET /api/userinfo/ HTTP/1.1" 200 124
[2025-05-20 17:01:03,530] INFO django.server "GET /api/menus/ HTTP/1.1" 200 4375
[2025-05-20 17:01:03,683] INFO django.server "GET /api/menus/ HTTP/1.1" 200 4375
[2025-05-20 17:01:03,701] INFO django.server "GET /api/companies/?page_size=1000 HTTP/1.1" 200 355
[2025-05-20 17:01:03,703] INFO django.server "GET /api/units/?page_size=999 HTTP/1.1" 200 376
[2025-05-20 17:01:03,705] INFO django.server "GET /api/product-categories/?page=1&page_size=10 HTTP/1.1" 200 494
[2025-05-20 17:01:09,697] INFO django.server "GET /api/userinfo/ HTTP/1.1" 200 124
[2025-05-20 17:01:09,723] INFO django.server "GET /api/menus/ HTTP/1.1" 200 4375
[2025-05-20 17:01:10,156] INFO django.server "GET /api/companies/?page_size=1000 HTTP/1.1" 200 355
[2025-05-20 17:01:10,167] INFO django.server "GET /api/units/ HTTP/1.1" 200 376
[2025-05-20 17:01:10,176] INFO django.server "GET /api/units/?page_size=999 HTTP/1.1" 200 376
[2025-05-20 17:01:10,182] INFO django.server "GET /api/products/?page=1&page_size=10&search=&category= HTTP/1.1" 200 527
[2025-05-20 17:01:10,183] INFO django.server "GET /api/product-categories/?page=1&page_size=10 HTTP/1.1" 200 494
[2025-05-20 17:01:13,572] INFO django.server "GET /api/product-categories/2/params/?page_size=100 HTTP/1.1" 200 120
[2025-05-20 17:01:38,842] INFO django.server "GET /api/userinfo/ HTTP/1.1" 200 124
[2025-05-20 17:01:38,868] INFO django.server "GET /api/menus/ HTTP/1.1" 200 4375
[2025-05-20 17:01:39,224] INFO django.server "GET /api/companies/?page_size=1000 HTTP/1.1" 200 355
[2025-05-20 17:01:39,224] INFO django.server "GET /api/units/?page_size=999 HTTP/1.1" 200 376
[2025-05-20 17:01:39,234] INFO django.server "GET /api/product-categories/?page=1&page_size=10 HTTP/1.1" 200 494
[2025-05-20 17:03:09,328] INFO django.server "GET /api/userinfo/ HTTP/1.1" 200 124
[2025-05-20 17:03:09,391] INFO django.server "GET /api/menus/ HTTP/1.1" 200 4375
[2025-05-20 17:03:09,541] INFO django.server "GET /api/menus/ HTTP/1.1" 200 4375
[2025-05-20 17:03:09,620] INFO django.server "GET /api/companies/?page_size=1000 HTTP/1.1" 200 355
[2025-05-20 17:03:09,620] INFO django.server "GET /api/units/?page_size=999 HTTP/1.1" 200 376
[2025-05-20 17:03:09,624] INFO django.server "GET /api/product-categories/?page=1&page_size=10 HTTP/1.1" 200 494
[2025-05-20 17:03:14,215] INFO django.server "GET /api/userinfo/ HTTP/1.1" 200 124
[2025-05-20 17:03:14,242] INFO django.server "GET /api/menus/ HTTP/1.1" 200 4375
[2025-05-20 17:03:14,635] INFO django.server "GET /api/companies/?page_size=1000 HTTP/1.1" 200 355
[2025-05-20 17:03:14,642] INFO django.server "GET /api/units/ HTTP/1.1" 200 376
[2025-05-20 17:03:14,645] INFO django.server "GET /api/units/?page_size=999 HTTP/1.1" 200 376
[2025-05-20 17:03:14,652] INFO django.server "GET /api/products/?page=1&page_size=10&search=&category= HTTP/1.1" 200 527
[2025-05-20 17:03:14,652] INFO django.server "GET /api/product-categories/?page=1&page_size=10 HTTP/1.1" 200 494
[2025-05-20 17:03:19,466] INFO django.server "GET /api/product-categories/2/params/?page_size=100 HTTP/1.1" 200 120
[2025-05-20 17:07:52,194] INFO django.server "GET /api/companies/?page_size=1000 HTTP/1.1" 200 355
[2025-05-20 17:07:52,195] INFO django.server "GET /api/units/?page_size=999 HTTP/1.1" 200 376
[2025-05-20 17:07:52,197] INFO django.server "GET /api/units/ HTTP/1.1" 200 376
[2025-05-20 17:07:52,200] INFO django.server "GET /api/product-categories/?page=1&page_size=10 HTTP/1.1" 200 494
[2025-05-20 17:07:52,200] INFO django.server "GET /api/products/?page=1&page_size=10&search=&category= HTTP/1.1" 200 527
[2025-05-20 17:08:07,675] INFO django.server "GET /api/product-categories/2/params/?page_size=100 HTTP/1.1" 200 120
